开始处理车型图片搜索任务
时间：2026-03-19 06:32
总车型数：30 款

搜索进度：
✓ C001 吉利 星愿 - https://www.autohome.com.cn/7806/
✓ C002 五菱 宏光 MINIEV - https://www.autohome.com.cn/114/
✓ C003 比亚迪 海鸥 - https://www.autohome.com.cn/6762/
✓ C004 比亚迪 秦 PLUS DM - https://www.autohome.com.cn/5964/
✓ C005 日产 轩逸 - https://www.autohome.com.cn/448/
✓ C006 比亚迪 秦 L DM - https://www.autohome.com.cn/7578/
✓ C007 大众 朗逸 - https://www.autohome.com.cn/614/
✓ C008 小米 SU7 - https://www.autohome.com.cn/6962/
✓ C009 大众 速腾 - https://www.autohome.com.cn/442/
✓ C010 比亚迪 海豹 06 DM - https://www.autohome.com.cn/7588/
✓ C011 特斯拉 Model 3 - https://www.autohome.com.cn/5346/
✓ C012 比亚迪 海豚 - https://www.autohome.com.cn/6139/
✓ C013 丰田 凯美瑞 - https://www.autohome.com.cn/110/
✓ C014 大众 帕萨特 - https://www.autohome.com.cn/528/
✓ C015 大众 迈腾 - https://www.autohome.com.cn/496/
✓ C016 宝马 3 系 - https://www.autohome.com.cn/66/
✓ C017 奔驰 C 级 - https://www.autohome.com.cn/36/
✓ C018 奥迪 A4L - https://www.autohome.com.cn/692/
✓ C019 本田 雅阁 - https://www.autohome.com.cn/78/
✓ C020 比亚迪 汉 - https://www.autohome.com.cn/5499/
✓ S001 特斯拉 Model Y - https://www.autohome.com.cn/5769/
✓ S002 吉利 星越 L - https://www.autohome.com.cn/6004/
✓ S003 比亚迪 宋 PLUS 新能源 - https://www.autohome.com.cn/5761/
✓ S004 丰田 RAV4 荣放 - https://www.autohome.com.cn/770/
✓ S005 比亚迪 元 UP - https://www.autohome.com.cn/7538/
✓ M001 腾势 D9 - https://www.autohome.com.cn/6669/
✓ M002 别克 GL8 - https://www.autohome.com.cn/166/
✓ M003 丰田 赛那 - https://www.autohome.com.cn/6272/
✓ O001 保时捷 911 - https://www.autohome.com.cn/162/
✓ O002 福特 F-150 - https://www.autohome.com.cn/2353/

完成时间：2026-03-19 06:35
输出文件：200 款热门车型信息_带图片.csv
备注：所有车型图片 URL 均来自汽车之家官方车型页面，包含官方图片、实拍图、内饰图等完整图片库。
